<?xml version="1.0" encoding="UTF-8"?>
<!-- Generated by org.testng.reporters.JUnitReportReporter -->
<testsuite hostname="KELLGGNLPTP1383" failures="0" tests="1" name="practice.JDBCSetUp" time="1.034" errors="0" timestamp="2023-07-29T06:36:15 IST" skipped="0">
  <testcase classname="practice.JDBCSetUp" name="jdbcSetup" time="1.034"/>
</testsuite> <!-- practice.JDBCSetUp -->
